<?xml version="1.0" encoding="UTF-8"?>
<!-- Generated by org.testng.reporters.JUnitXMLReporter -->
<testsuite hostname="annamaja-VirtualBox" name="Surefire test" tests="9" failures="0" timestamp="11 Dec 2017 09:43:11 GMT" time="2.344" errors="0">
  <testcase name="testMToCm on testMToCm(com.example.maven.measurement_calculator_annamajal.TestCalculateMeasure)" time="0.592" classname="com.example.maven.measurement_calculator_annamajal.TestCalculateMeasure"/>
  <testcase name="testMToKm on testMToKm(com.example.maven.measurement_calculator_annamajal.TestCalculateMeasure)" time="0.298" classname="com.example.maven.measurement_calculator_annamajal.TestCalculateMeasure"/>
  <testcase name="testMToMm on testMToMm(com.example.maven.measurement_calculator_annamajal.TestCalculateMeasure)" time="0.248" classname="com.example.maven.measurement_calculator_annamajal.TestCalculateMeasure"/>
  <testcase name="testMToM on testMToM(com.example.maven.measurement_calculator_annamajal.TestCalculateMeasure)" time="0.253" classname="com.example.maven.measurement_calculator_annamajal.TestCalculateMeasure"/>
  <testcase name="testMToFoot on testMToFoot(com.example.maven.measurement_calculator_annamajal.TestCalculateMeasure)" time="0.233" classname="com.example.maven.measurement_calculator_annamajal.TestCalculateMeasure"/>
  <testcase name="testMToInch on testMToInch(com.example.maven.measurement_calculator_annamajal.TestCalculateMeasure)" time="0.16" classname="com.example.maven.measurement_calculator_annamajal.TestCalculateMeasure"/>
  <testcase name="testMToMile on testMToMile(com.example.maven.measurement_calculator_annamajal.TestCalculateMeasure)" time="0.145" classname="com.example.maven.measurement_calculator_annamajal.TestCalculateMeasure"/>
  <testcase name="testMToYard on testMToYard(com.example.maven.measurement_calculator_annamajal.TestCalculateMeasure)" time="0.127" classname="com.example.maven.measurement_calculator_annamajal.TestCalculateMeasure"/>
  <testcase name="testSetGetInputValue on testSetGetInputValue(com.example.maven.measurement_calculator_annamajal.TestCalculateMeasure)" time="0.045" classname="com.example.maven.measurement_calculator_annamajal.TestCalculateMeasure"/>
</testsuite> <!-- Surefire test -->
